[master (root-commit) e3c3ffc] Initial commit
 297 files changed, 28689 insertions(+)
 create mode 100644 .gitignore
 create mode 100644 .idea/.name
 create mode 100644 .idea/compiler.xml
 create mode 100644 .idea/copyright/profiles_settings.xml
 create mode 100644 .idea/gradle.xml
 create mode 100644 .idea/misc.xml
 create mode 100644 .idea/modules.xml
 create mode 100644 .idea/runConfigurations.xml
 create mode 100644 .idea/vcs.xml
 create mode 100644 README.md
 create mode 100644 app/.gitignore
 create mode 100644 app/build.gradle
 create mode 100644 app/proguard-rules.pro
 create mode 100644 app/src/androidTest/java/com/sudocode/processor/ApplicationTest.java
 create mode 100644 app/src/main/AndroidManifest.xml
 create mode 100644 app/src/main/java/com/sudocode/processor/ImageProcessorContext.java
 create mode 100644 app/src/main/java/com/sudocode/processor/MainProcessorActivity.java
 create mode 100644 app/src/main/java/com/sudocode/processor/fragment/CameraFragment.java
 create mode 100644 app/src/main/java/com/sudocode/processor/helper/CameraCallbackHelper.java
 create mode 100644 app/src/main/java/com/sudocode/processor/helper/CameraCaptureHelper.java
 create mode 100644 app/src/main/java/com/sudocode/processor/helper/CameraSessionHelper.java
 create mode 100644 app/src/main/java/com/sudocode/processor/helper/ComparatorHelper.java
 create mode 100644 app/src/main/java/com/sudocode/processor/helper/FileHelper.java
 create mode 100644 app/src/main/java/com/sudocode/processor/helper/ImageRunnableHelper.java
 create mode 100644 app/src/main/java/com/sudocode/processor/listeners/CameraImageListener.java
 create mode 100644 app/src/main/java/com/sudocode/processor/listeners/CameraListener.java
 create mode 100644 app/src/main/java/com/sudocode/processor/views/CameraTextureView.java
 create mode 100644 app/src/main/java/com/sudocode/processor/views/ImageProcessorConstants.java
 create mode 100644 app/src/main/res/drawable/cam_vid_btn.png
 create mode 100644 app/src/main/res/drawable/camera.png
 create mode 100644 app/src/main/res/drawable/camera_button.png
 create mode 100644 app/src/main/res/drawable/camera_default.png
 create mode 100644 app/src/main/res/drawable/camera_resize.png
 create mode 100644 app/src/main/res/layout-land/fragment_camera.xml
 create mode 100644 app/src/main/res/layout/activity_main_processor.xml
 create mode 100644 app/src/main/res/layout/fragment_camera.xml
 create mode 100644 app/src/main/res/mipmap-hdpi/ic_launcher.png
 create mode 100644 app/src/main/res/mipmap-mdpi/ic_launcher.png
 create mode 100644 app/src/main/res/mipmap-xhdpi/ic_launcher.png
 create mode 100644 app/src/main/res/mipmap-xxhdpi/ic_launcher.png
 create mode 100644 app/src/main/res/mipmap-xxxhdpi/ic_launcher.png
 create mode 100644 app/src/main/res/values-w820dp/dimens.xml
 create mode 100644 app/src/main/res/values/colors.xml
 create mode 100644 app/src/main/res/values/dimens.xml
 create mode 100644 app/src/main/res/values/strings.xml
 create mode 100644 app/src/main/res/values/styles.xml
 create mode 100644 app/src/test/java/com/sudocode/processor/ExampleUnitTest.java
 create mode 100644 build.gradle
 create mode 100644 build/intermediates/dex-cache/cache.xml
 create mode 100644 gradle.properties
 create mode 100644 gradle/wrapper/gradle-wrapper.jar
 create mode 100644 gradle/wrapper/gradle-wrapper.properties
 create mode 100755 gradlew
 create mode 100644 gradlew.bat
 create mode 100644 image-processor-api/build.gradle
 create mode 100644 image-processor-api/lint.xml
 create mode 100644 image-processor-api/src/main/AndroidManifest.xml
 create mode 100644 image-processor-api/src/main/aidl/org/opencv/engine/OpenCVEngineInterface.aidl
 create mode 100644 image-processor-api/src/main/java/org/opencv/android/AsyncServiceHelper.java
 create mode 100644 image-processor-api/src/main/java/org/opencv/android/BaseLoaderCallback.java
 create mode 100644 image-processor-api/src/main/java/org/opencv/android/Camera2Renderer.java
 create mode 100644 image-processor-api/src/main/java/org/opencv/android/CameraBridgeViewBase.java
 create mode 100644 image-processor-api/src/main/java/org/opencv/android/CameraGLRendererBase.java
 create mode 100644 image-processor-api/src/main/java/org/opencv/android/CameraGLSurfaceView.java
 create mode 100644 image-processor-api/src/main/java/org/opencv/android/CameraRenderer.java
 create mode 100644 image-processor-api/src/main/java/org/opencv/android/FpsMeter.java
 create mode 100644 image-processor-api/src/main/java/org/opencv/android/InstallCallbackInterface.java
 create mode 100644 image-processor-api/src/main/java/org/opencv/android/JavaCameraView.java
 create mode 100644 image-processor-api/src/main/java/org/opencv/android/LoaderCallbackInterface.java
 create mode 100644 image-processor-api/src/main/java/org/opencv/android/OpenCVLoader.java
 create mode 100644 image-processor-api/src/main/java/org/opencv/android/StaticHelper.java
 create mode 100644 image-processor-api/src/main/java/org/opencv/android/Utils.java
 create mode 100644 image-processor-api/src/main/java/org/opencv/calib3d/Calib3d.java
 create mode 100644 image-processor-api/src/main/java/org/opencv/calib3d/StereoBM.java
 create mode 100644 image-processor-api/src/main/java/org/opencv/calib3d/StereoMatcher.java
 create mode 100644 image-processor-api/src/main/java/org/opencv/calib3d/StereoSGBM.java
 create mode 100644 image-processor-api/src/main/java/org/opencv/core/Algorithm.java
 create mode 100644 image-processor-api/src/main/java/org/opencv/core/Core.java
 create mode 100644 image-processor-api/src/main/java/org/opencv/core/CvException.java
 create mode 100644 image-processor-api/src/main/java/org/opencv/core/CvType.java
 create mode 100644 image-processor-api/src/main/java/org/opencv/core/DMatch.java
 create mode 100644 image-processor-api/src/main/java/org/opencv/core/KeyPoint.java
 create mode 100644 image-processor-api/src/main/java/org/opencv/core/Mat.java
 create mode 100644 image-processor-api/src/main/java/org/opencv/core/MatOfByte.java
 create mode 100644 image-processor-api/src/main/java/org/opencv/core/MatOfDMatch.java
 create mode 100644 image-processor-api/src/main/java/org/opencv/core/MatOfDouble.java
 create mode 100644 image-processor-api/src/main/java/org/opencv/core/MatOfFloat.java
 create mode 100644 image-processor-api/src/main/java/org/opencv/core/MatOfFloat4.java
 create mode 100644 image-processor-api/src/main/java/org/opencv/core/MatOfFloat6.java
 create mode 100644 image-processor-api/src/main/java/org/opencv/core/MatOfInt.java
 create mode 100644 image-processor-api/src/main/java/org/opencv/core/MatOfInt4.java
 create mode 100644 image-processor-api/src/main/java/org/opencv/core/MatOfKeyPoint.java
 create mode 100644 image-processor-api/src/main/java/org/opencv/core/MatOfPoint.java
 create mode 100644 image-processor-api/src/main/java/org/opencv/core/MatOfPoint2f.java
 create mode 100644 image-processor-api/src/main/java/org/opencv/core/MatOfPoint3.java
 create mode 100644 image-processor-api/src/main/java/org/opencv/core/MatOfPoint3f.java
 create mode 100644 image-processor-api/src/main/java/org/opencv/core/MatOfRect.java
 create mode 100644 image-processor-api/src/main/java/org/opencv/core/Point.java
 create mode 100644 image-processor-api/src/main/java/org/opencv/core/Point3.java
 create mode 100644 image-processor-api/src/main/java/org/opencv/core/Range.java
 create mode 100644 image-processor-api/src/main/java/org/opencv/core/Rect.java
 create mode 100644 image-processor-api/src/main/java/org/opencv/core/RotatedRect.java
 create mode 100644 image-processor-api/src/main/java/org/opencv/core/Scalar.java
 create mode 100644 image-processor-api/src/main/java/org/opencv/core/Size.java
 create mode 100644 image-processor-api/src/main/java/org/opencv/core/TermCriteria.java
 create mode 100644 image-processor-api/src/main/java/org/opencv/features2d/DescriptorExtractor.java
 create mode 100644 image-processor-api/src/main/java/org/opencv/features2d/DescriptorMatcher.java
 create mode 100644 image-processor-api/src/main/java/org/opencv/features2d/FeatureDetector.java
 create mode 100644 image-processor-api/src/main/java/org/opencv/features2d/Features2d.java
 create mode 100644 image-processor-api/src/main/java/org/opencv/imgcodecs/Imgcodecs.java
 create mode 100644 image-processor-api/src/main/java/org/opencv/imgproc/CLAHE.java
 create mode 100644 image-processor-api/src/main/java/org/opencv/imgproc/Imgproc.java
 create mode 100644 image-processor-api/src/main/java/org/opencv/imgproc/LineSegmentDetector.java
 create mode 100644 image-processor-api/src/main/java/org/opencv/imgproc/Moments.java
 create mode 100644 image-processor-api/src/main/java/org/opencv/imgproc/Subdiv2D.java
 create mode 100644 image-processor-api/src/main/java/org/opencv/ml/ANN_MLP.java
 create mode 100644 image-processor-api/src/main/java/org/opencv/ml/Boost.java
 create mode 100644 image-processor-api/src/main/java/org/opencv/ml/DTrees.java
 create mode 100644 image-processor-api/src/main/java/org/opencv/ml/EM.java
 create mode 100644 image-processor-api/src/main/java/org/opencv/ml/KNearest.java
 create mode 100644 image-processor-api/src/main/java/org/opencv/ml/LogisticRegression.java
 create mode 100644 image-processor-api/src/main/java/org/opencv/ml/Ml.java
 create mode 100644 image-processor-api/src/main/java/org/opencv/ml/NormalBayesClassifier.java
 create mode 100644 image-processor-api/src/main/java/org/opencv/ml/RTrees.java
 create mode 100644 image-processor-api/src/main/java/org/opencv/ml/SVM.java
 create mode 100644 image-processor-api/src/main/java/org/opencv/ml/StatModel.java
 create mode 100644 image-processor-api/src/main/java/org/opencv/ml/TrainData.java
 create mode 100644 image-processor-api/src/main/java/org/opencv/objdetect/BaseCascadeClassifier.java
 create mode 100644 image-processor-api/src/main/java/org/opencv/objdetect/CascadeClassifier.java
 create mode 100644 image-processor-api/src/main/java/org/opencv/objdetect/HOGDescriptor.java
 create mode 100644 image-processor-api/src/main/java/org/opencv/objdetect/Objdetect.java
 create mode 100644 image-processor-api/src/main/java/org/opencv/photo/AlignExposures.java
 create mode 100644 image-processor-api/src/main/java/org/opencv/photo/AlignMTB.java
 create mode 100644 image-processor-api/src/main/java/org/opencv/photo/CalibrateCRF.java
 create mode 100644 image-processor-api/src/main/java/org/opencv/photo/CalibrateDebevec.java
 create mode 100644 image-processor-api/src/main/java/org/opencv/photo/CalibrateRobertson.java
 create mode 100644 image-processor-api/src/main/java/org/opencv/photo/MergeDebevec.java
 create mode 100644 image-processor-api/src/main/java/org/opencv/photo/MergeExposures.java
 create mode 100644 image-processor-api/src/main/java/org/opencv/photo/MergeMertens.java
 create mode 100644 image-processor-api/src/main/java/org/opencv/photo/MergeRobertson.java
 create mode 100644 image-processor-api/src/main/java/org/opencv/photo/Photo.java
 create mode 100644 image-processor-api/src/main/java/org/opencv/photo/Tonemap.java
 create mode 100644 image-processor-api/src/main/java/org/opencv/photo/TonemapDrago.java
 create mode 100644 image-processor-api/src/main/java/org/opencv/photo/TonemapDurand.java
 create mode 100644 image-processor-api/src/main/java/org/opencv/photo/TonemapMantiuk.java
 create mode 100644 image-processor-api/src/main/java/org/opencv/photo/TonemapReinhard.java
 create mode 100644 image-processor-api/src/main/java/org/opencv/utils/Converters.java
 create mode 100644 image-processor-api/src/main/java/org/opencv/video/BackgroundSubtractor.java
 create mode 100644 image-processor-api/src/main/java/org/opencv/video/BackgroundSubtractorKNN.java
 create mode 100644 image-processor-api/src/main/java/org/opencv/video/BackgroundSubtractorMOG2.java
 create mode 100644 image-processor-api/src/main/java/org/opencv/video/DenseOpticalFlow.java
 create mode 100644 image-processor-api/src/main/java/org/opencv/video/DualTVL1OpticalFlow.java
 create mode 100644 image-processor-api/src/main/java/org/opencv/video/KalmanFilter.java
 create mode 100644 image-processor-api/src/main/java/org/opencv/video/Video.java
 create mode 100644 image-processor-api/src/main/java/org/opencv/videoio/VideoCapture.java
 create mode 100644 image-processor-api/src/main/java/org/opencv/videoio/VideoWriter.java
 create mode 100644 image-processor-api/src/main/java/org/opencv/videoio/Videoio.java
 create mode 100755 image-processor-api/src/main/jniLibs/arm64-v8a/libopencv_calib3d.a
 create mode 100755 image-processor-api/src/main/jniLibs/arm64-v8a/libopencv_core.a
 create mode 100755 image-processor-api/src/main/jniLibs/arm64-v8a/libopencv_features2d.a
 create mode 100755 image-processor-api/src/main/jniLibs/arm64-v8a/libopencv_flann.a
 create mode 100755 image-processor-api/src/main/jniLibs/arm64-v8a/libopencv_highgui.a
 create mode 100755 image-processor-api/src/main/jniLibs/arm64-v8a/libopencv_imgcodecs.a
 create mode 100755 image-processor-api/src/main/jniLibs/arm64-v8a/libopencv_imgproc.a
 create mode 100755 image-processor-api/src/main/jniLibs/arm64-v8a/libopencv_java3.so
 create mode 100755 image-processor-api/src/main/jniLibs/arm64-v8a/libopencv_ml.a
 create mode 100755 image-processor-api/src/main/jniLibs/arm64-v8a/libopencv_objdetect.a
 create mode 100755 image-processor-api/src/main/jniLibs/arm64-v8a/libopencv_photo.a
 create mode 100755 image-processor-api/src/main/jniLibs/arm64-v8a/libopencv_shape.a
 create mode 100755 image-processor-api/src/main/jniLibs/arm64-v8a/libopencv_stitching.a
 create mode 100755 image-processor-api/src/main/jniLibs/arm64-v8a/libopencv_superres.a
 create mode 100755 image-processor-api/src/main/jniLibs/arm64-v8a/libopencv_video.a
 create mode 100755 image-processor-api/src/main/jniLibs/arm64-v8a/libopencv_videoio.a
 create mode 100755 image-processor-api/src/main/jniLibs/arm64-v8a/libopencv_videostab.a
 create mode 100755 image-processor-api/src/main/jniLibs/armeabi-v7a/libopencv_calib3d.a
 create mode 100755 image-processor-api/src/main/jniLibs/armeabi-v7a/libopencv_core.a
 create mode 100755 image-processor-api/src/main/jniLibs/armeabi-v7a/libopencv_features2d.a
 create mode 100755 image-processor-api/src/main/jniLibs/armeabi-v7a/libopencv_flann.a
 create mode 100755 image-processor-api/src/main/jniLibs/armeabi-v7a/libopencv_highgui.a
 create mode 100755 image-processor-api/src/main/jniLibs/armeabi-v7a/libopencv_imgcodecs.a
 create mode 100755 image-processor-api/src/main/jniLibs/armeabi-v7a/libopencv_imgproc.a
 create mode 100755 image-processor-api/src/main/jniLibs/armeabi-v7a/libopencv_java3.so
 create mode 100755 image-processor-api/src/main/jniLibs/armeabi-v7a/libopencv_ml.a
 create mode 100755 image-processor-api/src/main/jniLibs/armeabi-v7a/libopencv_objdetect.a
 create mode 100755 image-processor-api/src/main/jniLibs/armeabi-v7a/libopencv_photo.a
 create mode 100755 image-processor-api/src/main/jniLibs/armeabi-v7a/libopencv_shape.a
 create mode 100755 image-processor-api/src/main/jniLibs/armeabi-v7a/libopencv_stitching.a
 create mode 100755 image-processor-api/src/main/jniLibs/armeabi-v7a/libopencv_superres.a
 create mode 100755 image-processor-api/src/main/jniLibs/armeabi-v7a/libopencv_ts.a
 create mode 100755 image-processor-api/src/main/jniLibs/armeabi-v7a/libopencv_video.a
 create mode 100755 image-processor-api/src/main/jniLibs/armeabi-v7a/libopencv_videoio.a
 create mode 100755 image-processor-api/src/main/jniLibs/armeabi-v7a/libopencv_videostab.a
 create mode 100755 image-processor-api/src/main/jniLibs/armeabi/libopencv_calib3d.a
 create mode 100755 image-processor-api/src/main/jniLibs/armeabi/libopencv_core.a
 create mode 100755 image-processor-api/src/main/jniLibs/armeabi/libopencv_features2d.a
 create mode 100755 image-processor-api/src/main/jniLibs/armeabi/libopencv_flann.a
 create mode 100755 image-processor-api/src/main/jniLibs/armeabi/libopencv_highgui.a
 create mode 100755 image-processor-api/src/main/jniLibs/armeabi/libopencv_imgcodecs.a
 create mode 100755 image-processor-api/src/main/jniLibs/armeabi/libopencv_imgproc.a
 create mode 100755 image-processor-api/src/main/jniLibs/armeabi/libopencv_java3.so
 create mode 100755 image-processor-api/src/main/jniLibs/armeabi/libopencv_ml.a
 create mode 100755 image-processor-api/src/main/jniLibs/armeabi/libopencv_objdetect.a
 create mode 100755 image-processor-api/src/main/jniLibs/armeabi/libopencv_photo.a
 create mode 100755 image-processor-api/src/main/jniLibs/armeabi/libopencv_shape.a
 create mode 100755 image-processor-api/src/main/jniLibs/armeabi/libopencv_stitching.a
 create mode 100755 image-processor-api/src/main/jniLibs/armeabi/libopencv_superres.a
 create mode 100755 image-processor-api/src/main/jniLibs/armeabi/libopencv_video.a
 create mode 100755 image-processor-api/src/main/jniLibs/armeabi/libopencv_videoio.a
 create mode 100755 image-processor-api/src/main/jniLibs/armeabi/libopencv_videostab.a
 create mode 100755 image-processor-api/src/main/jniLibs/mips/libopencv_calib3d.a
 create mode 100755 image-processor-api/src/main/jniLibs/mips/libopencv_core.a
 create mode 100755 image-processor-api/src/main/jniLibs/mips/libopencv_features2d.a
 create mode 100755 image-processor-api/src/main/jniLibs/mips/libopencv_flann.a
 create mode 100755 image-processor-api/src/main/jniLibs/mips/libopencv_highgui.a
 create mode 100755 image-processor-api/src/main/jniLibs/mips/libopencv_imgcodecs.a
 create mode 100755 image-processor-api/src/main/jniLibs/mips/libopencv_imgproc.a
 create mode 100755 image-processor-api/src/main/jniLibs/mips/libopencv_java3.so
 create mode 100755 image-processor-api/src/main/jniLibs/mips/libopencv_ml.a
 create mode 100755 image-processor-api/src/main/jniLibs/mips/libopencv_objdetect.a
 create mode 100755 image-processor-api/src/main/jniLibs/mips/libopencv_photo.a
 create mode 100755 image-processor-api/src/main/jniLibs/mips/libopencv_shape.a
 create mode 100755 image-processor-api/src/main/jniLibs/mips/libopencv_stitching.a
 create mode 100755 image-processor-api/src/main/jniLibs/mips/libopencv_superres.a
 create mode 100755 image-processor-api/src/main/jniLibs/mips/libopencv_video.a
 create mode 100755 image-processor-api/src/main/jniLibs/mips/libopencv_videoio.a
 create mode 100755 image-processor-api/src/main/jniLibs/mips/libopencv_videostab.a
 create mode 100755 image-processor-api/src/main/jniLibs/mips64/libopencv_calib3d.a
 create mode 100755 image-processor-api/src/main/jniLibs/mips64/libopencv_core.a
 create mode 100755 image-processor-api/src/main/jniLibs/mips64/libopencv_features2d.a
 create mode 100755 image-processor-api/src/main/jniLibs/mips64/libopencv_flann.a
 create mode 100755 image-processor-api/src/main/jniLibs/mips64/libopencv_highgui.a
 create mode 100755 image-processor-api/src/main/jniLibs/mips64/libopencv_imgcodecs.a
 create mode 100755 image-processor-api/src/main/jniLibs/mips64/libopencv_imgproc.a
 create mode 100755 image-processor-api/src/main/jniLibs/mips64/libopencv_java3.so
 create mode 100755 image-processor-api/src/main/jniLibs/mips64/libopencv_ml.a
 create mode 100755 image-processor-api/src/main/jniLibs/mips64/libopencv_objdetect.a
 create mode 100755 image-processor-api/src/main/jniLibs/mips64/libopencv_photo.a
 create mode 100755 image-processor-api/src/main/jniLibs/mips64/libopencv_shape.a
 create mode 100755 image-processor-api/src/main/jniLibs/mips64/libopencv_stitching.a
 create mode 100755 image-processor-api/src/main/jniLibs/mips64/libopencv_superres.a
 create mode 100755 image-processor-api/src/main/jniLibs/mips64/libopencv_video.a
 create mode 100755 image-processor-api/src/main/jniLibs/mips64/libopencv_videoio.a
 create mode 100755 image-processor-api/src/main/jniLibs/mips64/libopencv_videostab.a
 create mode 100755 image-processor-api/src/main/jniLibs/x86/libopencv_calib3d.a
 create mode 100755 image-processor-api/src/main/jniLibs/x86/libopencv_core.a
 create mode 100755 image-processor-api/src/main/jniLibs/x86/libopencv_features2d.a
 create mode 100755 image-processor-api/src/main/jniLibs/x86/libopencv_flann.a
 create mode 100755 image-processor-api/src/main/jniLibs/x86/libopencv_highgui.a
 create mode 100755 image-processor-api/src/main/jniLibs/x86/libopencv_imgcodecs.a
 create mode 100755 image-processor-api/src/main/jniLibs/x86/libopencv_imgproc.a
 create mode 100755 image-processor-api/src/main/jniLibs/x86/libopencv_java3.so
 create mode 100755 image-processor-api/src/main/jniLibs/x86/libopencv_ml.a
 create mode 100755 image-processor-api/src/main/jniLibs/x86/libopencv_objdetect.a
 create mode 100755 image-processor-api/src/main/jniLibs/x86/libopencv_photo.a
 create mode 100755 image-processor-api/src/main/jniLibs/x86/libopencv_shape.a
 create mode 100755 image-processor-api/src/main/jniLibs/x86/libopencv_stitching.a
 create mode 100755 image-processor-api/src/main/jniLibs/x86/libopencv_superres.a
 create mode 100755 image-processor-api/src/main/jniLibs/x86/libopencv_video.a
 create mode 100755 image-processor-api/src/main/jniLibs/x86/libopencv_videoio.a
 create mode 100755 image-processor-api/src/main/jniLibs/x86/libopencv_videostab.a
 create mode 100755 image-processor-api/src/main/jniLibs/x86_64/libopencv_calib3d.a
 create mode 100755 image-processor-api/src/main/jniLibs/x86_64/libopencv_core.a
 create mode 100755 image-processor-api/src/main/jniLibs/x86_64/libopencv_features2d.a
 create mode 100755 image-processor-api/src/main/jniLibs/x86_64/libopencv_flann.a
 create mode 100755 image-processor-api/src/main/jniLibs/x86_64/libopencv_highgui.a
 create mode 100755 image-processor-api/src/main/jniLibs/x86_64/libopencv_imgcodecs.a
 create mode 100755 image-processor-api/src/main/jniLibs/x86_64/libopencv_imgproc.a
 create mode 100755 image-processor-api/src/main/jniLibs/x86_64/libopencv_java3.so
 create mode 100755 image-processor-api/src/main/jniLibs/x86_64/libopencv_ml.a
 create mode 100755 image-processor-api/src/main/jniLibs/x86_64/libopencv_objdetect.a
 create mode 100755 image-processor-api/src/main/jniLibs/x86_64/libopencv_photo.a
 create mode 100755 image-processor-api/src/main/jniLibs/x86_64/libopencv_shape.a
 create mode 100755 image-processor-api/src/main/jniLibs/x86_64/libopencv_stitching.a
 create mode 100755 image-processor-api/src/main/jniLibs/x86_64/libopencv_superres.a
 create mode 100755 image-processor-api/src/main/jniLibs/x86_64/libopencv_video.a
 create mode 100755 image-processor-api/src/main/jniLibs/x86_64/libopencv_videoio.a
 create mode 100755 image-processor-api/src/main/jniLibs/x86_64/libopencv_videostab.a
 create mode 100644 image-processor-api/src/main/res/values/attrs.xml
 create mode 100644 image-processor-service/.gitignore
 create mode 100644 image-processor-service/build.gradle
 create mode 100644 image-processor-service/proguard-rules.pro
 create mode 100644 image-processor-service/src/androidTest/java/com/sudocode/processor/client/service/ApplicationTest.java
 create mode 100644 image-processor-service/src/main/AndroidManifest.xml
 create mode 100644 image-processor-service/src/main/java/com/sudocode/processor/client/service/FileService.java
 create mode 100644 image-processor-service/src/main/res/values/strings.xml
 create mode 100644 image-processor-service/src/test/java/com/sudocode/processor/client/service/ExampleUnitTest.java
 create mode 100644 image-processor-utils/.gitignore
 create mode 100644 image-processor-utils/build.gradle
 create mode 100644 image-processor-utils/proguard-rules.pro
 create mode 100644 image-processor-utils/src/androidTest/java/com/sudocode/processor/utils/ApplicationTest.java
 create mode 100644 image-processor-utils/src/main/AndroidManifest.xml
 create mode 100644 image-processor-utils/src/main/java/com/sudocode/processor/utils/Logger.java
 create mode 100644 image-processor-utils/src/main/java/com/sudocode/processor/utils/SizeCompareUtil.java
 create mode 100644 image-processor-utils/src/main/res/values/strings.xml
 create mode 100644 image-processor-utils/src/test/java/com/sudocode/processor/utils/ExampleUnitTest.java
 create mode 100644 import-summary.txt
 create mode 100644 settings.gradle
